{"C:\\Users\\Refugio Diaz\\Desktop\\rest_api_node_ts_server\\src\\router.ts": {"path":"C:\\Users\\Refugio Diaz\\Desktop\\rest_api_node_ts_server\\src\\router.ts","statementMap":{"0":{"start":{"line":1,"column":0},"end":{"line":1,"column":30}},"1":{"start":{"line":2,"column":0},"end":{"line":2,"column":128}},"2":{"start":{"line":3,"column":0},"end":{"line":3,"column":45}},"3":{"start":{"line":4,"column":0},"end":{"line":4,"column":47}},"4":{"start":{"line":6,"column":15},"end":{"line":6,"column":23}},"5":{"start":{"line":8,"column":0},"end":{"line":12,"column":null}},"6":{"start":{"line":14,"column":0},"end":{"line":21,"column":null}},"7":{"start":{"line":23,"column":0},"end":{"line":37,"column":null}},"8":{"start":{"line":32,"column":30},"end":{"line":32,"column":39}},"9":{"start":{"line":39,"column":0},"end":{"line":61,"column":null}},"10":{"start":{"line":52,"column":30},"end":{"line":52,"column":39}},"11":{"start":{"line":63,"column":0},"end":{"line":71,"column":null}},"12":{"start":{"line":73,"column":0},"end":{"line":81,"column":null}},"13":{"start":{"line":83,"column":0},"end":{"line":83,"column":null}}},"fnMap":{"0":{"name":"(anonymous_0)","decl":{"start":{"line":32,"column":20},"end":{"line":32,"column":21}},"loc":{"start":{"line":32,"column":30},"end":{"line":32,"column":39}}},"1":{"name":"(anonymous_1)","decl":{"start":{"line":52,"column":20},"end":{"line":52,"column":21}},"loc":{"start":{"line":52,"column":30},"end":{"line":52,"column":39}}}},"branchMap":{},"s":{"0":2,"1":2,"2":2,"3":2,"4":2,"5":2,"6":2,"7":2,"8":4,"9":2,"10":5,"11":2,"12":2,"13":2},"f":{"0":4,"1":5},"b":{}}
,"C:\\Users\\Refugio Diaz\\Desktop\\rest_api_node_ts_server\\src\\server.ts": {"path":"C:\\Users\\Refugio Diaz\\Desktop\\rest_api_node_ts_server\\src\\server.ts","statementMap":{"0":{"start":{"line":7,"column":0},"end":{"line":7,"column":7}},"1":{"start":{"line":1,"column":0},"end":{"line":1,"column":29}},"2":{"start":{"line":2,"column":0},"end":{"line":2,"column":29}},"3":{"start":{"line":3,"column":0},"end":{"line":3,"column":28}},"4":{"start":{"line":4,"column":0},"end":{"line":4,"column":27}},"5":{"start":{"line":8,"column":4},"end":{"line":17,"column":5}},"6":{"start":{"line":10,"column":8},"end":{"line":10,"column":null}},"7":{"start":{"line":11,"column":8},"end":{"line":11,"column":null}},"8":{"start":{"line":16,"column":8},"end":{"line":16,"column":null}},"9":{"start":{"line":20,"column":0},"end":{"line":20,"column":null}},"10":{"start":{"line":23,"column":15},"end":{"line":23,"column":24}},"11":{"start":{"line":26,"column":0},"end":{"line":26,"column":null}},"12":{"start":{"line":28,"column":0},"end":{"line":28,"column":null}},"13":{"start":{"line":31,"column":0},"end":{"line":33,"column":null}},"14":{"start":{"line":32,"column":4},"end":{"line":32,"column":null}},"15":{"start":{"line":35,"column":0},"end":{"line":35,"column":null}}},"fnMap":{"0":{"name":"connectDB","decl":{"start":{"line":7,"column":22},"end":{"line":7,"column":31}},"loc":{"start":{"line":7,"column":31},"end":{"line":18,"column":1}}},"1":{"name":"(anonymous_2)","decl":{"start":{"line":31,"column":19},"end":{"line":31,"column":20}},"loc":{"start":{"line":31,"column":30},"end":{"line":33,"column":1}}}},"branchMap":{},"s":{"0":2,"1":2,"2":2,"3":2,"4":2,"5":3,"6":3,"7":2,"8":1,"9":2,"10":2,"11":2,"12":2,"13":2,"14":1,"15":2},"f":{"0":3,"1":1},"b":{}}
,"C:\\Users\\Refugio Diaz\\Desktop\\rest_api_node_ts_server\\src\\config\\db.ts": {"path":"C:\\Users\\Refugio Diaz\\Desktop\\rest_api_node_ts_server\\src\\config\\db.ts","statementMap":{"0":{"start":{"line":1,"column":0},"end":{"line":1,"column":45}},"1":{"start":{"line":2,"column":0},"end":{"line":2,"column":27}},"2":{"start":{"line":4,"column":0},"end":{"line":4,"column":null}},"3":{"start":{"line":15,"column":11},"end":{"line":18,"column":2}},"4":{"start":{"line":20,"column":0},"end":{"line":20,"column":null}}},"fnMap":{},"branchMap":{},"s":{"0":2,"1":2,"2":2,"3":2,"4":2},"f":{},"b":{}}
,"C:\\Users\\Refugio Diaz\\Desktop\\rest_api_node_ts_server\\src\\handlers\\product.ts": {"path":"C:\\Users\\Refugio Diaz\\Desktop\\rest_api_node_ts_server\\src\\handlers\\product.ts","statementMap":{"0":{"start":{"line":2,"column":0},"end":{"line":2,"column":48}},"1":{"start":{"line":5,"column":25},"end":{"line":25,"column":1}},"2":{"start":{"line":7,"column":4},"end":{"line":22,"column":5}},"3":{"start":{"line":9,"column":25},"end":{"line":16,"column":10}},"4":{"start":{"line":17,"column":8},"end":{"line":17,"column":null}},"5":{"start":{"line":19,"column":8},"end":{"line":19,"column":null}},"6":{"start":{"line":21,"column":8},"end":{"line":21,"column":null}},"7":{"start":{"line":5,"column":13},"end":{"line":5,"column":25}},"8":{"start":{"line":28,"column":29},"end":{"line":46,"column":1}},"9":{"start":{"line":30,"column":4},"end":{"line":43,"column":5}},"10":{"start":{"line":32,"column":21},"end":{"line":32,"column":31}},"11":{"start":{"line":33,"column":24},"end":{"line":33,"column":50}},"12":{"start":{"line":34,"column":8},"end":{"line":38,"column":9}},"13":{"start":{"line":35,"column":12},"end":{"line":37,"column":null}},"14":{"start":{"line":39,"column":8},"end":{"line":39,"column":null}},"15":{"start":{"line":42,"column":8},"end":{"line":42,"column":null}},"16":{"start":{"line":28,"column":13},"end":{"line":28,"column":29}},"17":{"start":{"line":49,"column":28},"end":{"line":74,"column":1}},"18":{"start":{"line":67,"column":4},"end":{"line":72,"column":5}},"19":{"start":{"line":68,"column":23},"end":{"line":68,"column":53}},"20":{"start":{"line":69,"column":8},"end":{"line":69,"column":null}},"21":{"start":{"line":71,"column":8},"end":{"line":71,"column":null}},"22":{"start":{"line":49,"column":13},"end":{"line":49,"column":28}},"23":{"start":{"line":77,"column":28},"end":{"line":105,"column":1}},"24":{"start":{"line":79,"column":4},"end":{"line":103,"column":5}},"25":{"start":{"line":81,"column":21},"end":{"line":81,"column":31}},"26":{"start":{"line":82,"column":24},"end":{"line":82,"column":50}},"27":{"start":{"line":83,"column":8},"end":{"line":87,"column":9}},"28":{"start":{"line":84,"column":12},"end":{"line":86,"column":null}},"29":{"start":{"line":96,"column":8},"end":{"line":96,"column":null}},"30":{"start":{"line":97,"column":8},"end":{"line":97,"column":null}},"31":{"start":{"line":99,"column":8},"end":{"line":99,"column":null}},"32":{"start":{"line":102,"column":8},"end":{"line":102,"column":null}},"33":{"start":{"line":77,"column":13},"end":{"line":77,"column":28}},"34":{"start":{"line":107,"column":33},"end":{"line":132,"column":1}},"35":{"start":{"line":109,"column":4},"end":{"line":130,"column":5}},"36":{"start":{"line":111,"column":21},"end":{"line":111,"column":31}},"37":{"start":{"line":112,"column":24},"end":{"line":112,"column":50}},"38":{"start":{"line":113,"column":8},"end":{"line":117,"column":9}},"39":{"start":{"line":114,"column":12},"end":{"line":116,"column":null}},"40":{"start":{"line":120,"column":8},"end":{"line":120,"column":null}},"41":{"start":{"line":121,"column":8},"end":{"line":121,"column":null}},"42":{"start":{"line":126,"column":8},"end":{"line":126,"column":null}},"43":{"start":{"line":129,"column":8},"end":{"line":129,"column":null}},"44":{"start":{"line":107,"column":13},"end":{"line":107,"column":33}},"45":{"start":{"line":135,"column":28},"end":{"line":155,"column":1}},"46":{"start":{"line":137,"column":4},"end":{"line":153,"column":5}},"47":{"start":{"line":139,"column":21},"end":{"line":139,"column":31}},"48":{"start":{"line":140,"column":24},"end":{"line":140,"column":50}},"49":{"start":{"line":141,"column":8},"end":{"line":145,"column":9}},"50":{"start":{"line":142,"column":12},"end":{"line":144,"column":null}},"51":{"start":{"line":147,"column":8},"end":{"line":147,"column":null}},"52":{"start":{"line":149,"column":8},"end":{"line":149,"column":null}},"53":{"start":{"line":152,"column":8},"end":{"line":152,"column":null}},"54":{"start":{"line":135,"column":13},"end":{"line":135,"column":28}}},"fnMap":{"0":{"name":"(anonymous_1)","decl":{"start":{"line":5,"column":25},"end":{"line":5,"column":30}},"loc":{"start":{"line":5,"column":44},"end":{"line":25,"column":1}}},"1":{"name":"(anonymous_2)","decl":{"start":{"line":28,"column":29},"end":{"line":28,"column":34}},"loc":{"start":{"line":28,"column":48},"end":{"line":46,"column":1}}},"2":{"name":"(anonymous_3)","decl":{"start":{"line":49,"column":28},"end":{"line":49,"column":33}},"loc":{"start":{"line":49,"column":67},"end":{"line":74,"column":1}}},"3":{"name":"(anonymous_4)","decl":{"start":{"line":77,"column":28},"end":{"line":77,"column":33}},"loc":{"start":{"line":77,"column":66},"end":{"line":105,"column":1}}},"4":{"name":"(anonymous_5)","decl":{"start":{"line":107,"column":33},"end":{"line":107,"column":38}},"loc":{"start":{"line":107,"column":71},"end":{"line":132,"column":1}}},"5":{"name":"(anonymous_6)","decl":{"start":{"line":135,"column":28},"end":{"line":135,"column":33}},"loc":{"start":{"line":135,"column":66},"end":{"line":155,"column":1}}}},"branchMap":{"0":{"loc":{"start":{"line":34,"column":8},"end":{"line":38,"column":9}},"type":"if","locations":[{"start":{"line":34,"column":8},"end":{"line":38,"column":9}},{"start":{},"end":{}}]},"1":{"loc":{"start":{"line":83,"column":8},"end":{"line":87,"column":9}},"type":"if","locations":[{"start":{"line":83,"column":8},"end":{"line":87,"column":9}},{"start":{},"end":{}}]},"2":{"loc":{"start":{"line":113,"column":8},"end":{"line":117,"column":9}},"type":"if","locations":[{"start":{"line":113,"column":8},"end":{"line":117,"column":9}},{"start":{},"end":{}}]},"3":{"loc":{"start":{"line":141,"column":8},"end":{"line":145,"column":9}},"type":"if","locations":[{"start":{"line":141,"column":8},"end":{"line":145,"column":9}},{"start":{},"end":{}}]}},"s":{"0":2,"1":2,"2":2,"3":2,"4":2,"5":2,"6":2,"7":2,"8":2,"9":2,"10":2,"11":2,"12":2,"13":1,"14":1,"15":0,"16":2,"17":2,"18":1,"19":1,"20":1,"21":0,"22":2,"23":2,"24":2,"25":2,"26":2,"27":2,"28":1,"29":1,"30":1,"31":1,"32":0,"33":2,"34":2,"35":2,"36":2,"37":2,"38":2,"39":1,"40":1,"41":1,"42":1,"43":0,"44":2,"45":2,"46":2,"47":2,"48":2,"49":2,"50":1,"51":1,"52":1,"53":0,"54":2},"f":{"0":2,"1":2,"2":1,"3":2,"4":2,"5":2},"b":{"0":[1,1],"1":[1,1],"2":[1,1],"3":[1,1]}}
,"C:\\Users\\Refugio Diaz\\Desktop\\rest_api_node_ts_server\\src\\middleware\\index.ts": {"path":"C:\\Users\\Refugio Diaz\\Desktop\\rest_api_node_ts_server\\src\\middleware\\index.ts","statementMap":{"0":{"start":{"line":2,"column":0},"end":{"line":2,"column":52}},"1":{"start":{"line":4,"column":32},"end":{"line":11,"column":1}},"2":{"start":{"line":6,"column":17},"end":{"line":6,"column":38}},"3":{"start":{"line":7,"column":4},"end":{"line":9,"column":5}},"4":{"start":{"line":8,"column":8},"end":{"line":8,"column":null}},"5":{"start":{"line":10,"column":4},"end":{"line":10,"column":null}},"6":{"start":{"line":4,"column":13},"end":{"line":4,"column":32}}},"fnMap":{"0":{"name":"(anonymous_0)","decl":{"start":{"line":4,"column":32},"end":{"line":4,"column":33}},"loc":{"start":{"line":4,"column":71},"end":{"line":11,"column":1}}}},"branchMap":{"0":{"loc":{"start":{"line":7,"column":4},"end":{"line":9,"column":5}},"type":"if","locations":[{"start":{"line":7,"column":4},"end":{"line":9,"column":5}},{"start":{},"end":{}}]}},"s":{"0":2,"1":2,"2":19,"3":19,"4":8,"5":11,"6":2},"f":{"0":19},"b":{"0":[8,11]}}
,"C:\\Users\\Refugio Diaz\\Desktop\\rest_api_node_ts_server\\src\\models\\Productos.models.ts": {"path":"C:\\Users\\Refugio Diaz\\Desktop\\rest_api_node_ts_server\\src\\models\\Productos.models.ts","statementMap":{"0":{"start":{"line":1,"column":0},"end":{"line":1,"column":76}},"1":{"start":{"line":7,"column":0},"end":{"line":26,"column":null}},"2":{"start":{"line":13,"column":12},"end":{"line":13,"column":null}},"3":{"start":{"line":18,"column":12},"end":{"line":18,"column":null}},"4":{"start":{"line":25,"column":12},"end":{"line":25,"column":null}},"5":{"start":{"line":7,"column":6},"end":{"line":26,"column":null}},"6":{"start":{"line":30,"column":0},"end":{"line":30,"column":null}}},"fnMap":{},"branchMap":{},"s":{"0":3,"1":3,"2":3,"3":3,"4":3,"5":3,"6":3},"f":{},"b":{}}
}
