TN:
SF:src\router.ts
FN:32,(anonymous_0)
FN:52,(anonymous_1)
FNF:2
FNH:2
FNDA:4,(anonymous_0)
FNDA:5,(anonymous_1)
DA:1,2
DA:2,2
DA:3,2
DA:4,2
DA:6,2
DA:8,2
DA:14,2
DA:23,2
DA:32,4
DA:39,2
DA:52,5
DA:63,2
DA:73,2
DA:83,2
LF:14
LH:14
BRF:0
BRH:0
end_of_record
TN:
SF:src\server.ts
FN:7,connectDB
FN:31,(anonymous_2)
FNF:2
FNH:2
FNDA:3,connectDB
FNDA:1,(anonymous_2)
DA:1,2
DA:2,2
DA:3,2
DA:4,2
DA:7,2
DA:8,3
DA:10,3
DA:11,2
DA:16,1
DA:20,2
DA:23,2
DA:26,2
DA:28,2
DA:31,2
DA:32,1
DA:35,2
LF:16
LH:16
BRF:0
BRH:0
end_of_record
TN:
SF:src\config\db.ts
FNF:0
FNH:0
DA:1,2
DA:2,2
DA:4,2
DA:15,2
DA:20,2
LF:5
LH:5
BRF:0
BRH:0
end_of_record
TN:
SF:src\handlers\product.ts
FN:5,(anonymous_1)
FN:28,(anonymous_2)
FN:49,(anonymous_3)
FN:77,(anonymous_4)
FN:107,(anonymous_5)
FN:135,(anonymous_6)
FNF:6
FNH:6
FNDA:2,(anonymous_1)
FNDA:2,(anonymous_2)
FNDA:1,(anonymous_3)
FNDA:2,(anonymous_4)
FNDA:2,(anonymous_5)
FNDA:2,(anonymous_6)
DA:2,2
DA:5,2
DA:7,2
DA:9,2
DA:17,2
DA:19,2
DA:21,2
DA:28,2
DA:30,2
DA:32,2
DA:33,2
DA:34,2
DA:35,1
DA:39,1
DA:42,0
DA:49,2
DA:67,1
DA:68,1
DA:69,1
DA:71,0
DA:77,2
DA:79,2
DA:81,2
DA:82,2
DA:83,2
DA:84,1
DA:96,1
DA:97,1
DA:99,1
DA:102,0
DA:107,2
DA:109,2
DA:111,2
DA:112,2
DA:113,2
DA:114,1
DA:120,1
DA:121,1
DA:126,1
DA:129,0
DA:135,2
DA:137,2
DA:139,2
DA:140,2
DA:141,2
DA:142,1
DA:147,1
DA:149,1
DA:152,0
LF:49
LH:44
BRDA:34,0,0,1
BRDA:34,0,1,1
BRDA:83,1,0,1
BRDA:83,1,1,1
BRDA:113,2,0,1
BRDA:113,2,1,1
BRDA:141,3,0,1
BRDA:141,3,1,1
BRF:8
BRH:8
end_of_record
TN:
SF:src\middleware\index.ts
FN:4,(anonymous_0)
FNF:1
FNH:1
FNDA:19,(anonymous_0)
DA:2,2
DA:4,2
DA:6,19
DA:7,19
DA:8,8
DA:10,11
LF:6
LH:6
BRDA:7,0,0,8
BRDA:7,0,1,11
BRF:2
BRH:2
end_of_record
TN:
SF:src\models\Productos.models.ts
FNF:0
FNH:0
DA:1,3
DA:7,3
DA:13,3
DA:18,3
DA:25,3
DA:30,3
LF:6
LH:6
BRF:0
BRH:0
end_of_record
